10:39:51.923 [main] INFO  api.test.UserTest - ********** Creating user **********
10:39:55.642 [main] INFO  api.test.UserTest - ********** User is Created **********
10:39:55.660 [main] INFO  api.test.UserTest - ********** Reading user info **********
10:39:57.184 [main] INFO  api.test.UserTest - ********** User info is displayed **********
10:39:57.193 [main] INFO  api.test.UserTest - ********** Updating user **********
10:39:58.615 [main] INFO  api.test.UserTest - ********** User is updated **********
10:40:00.050 [main] INFO  api.test.UserTest - ********** Deleting user **********
10:40:01.481 [main] INFO  api.test.UserTest - ********** User is deleted **********
11:28:29.615 [main] INFO  api.test.UserTest2 - ********** Creating user **********
11:28:33.202 [main] INFO  api.test.UserTest2 - ********** User is Created **********
11:28:33.233 [main] INFO  api.test.UserTest2 - ********** Reading user info **********
11:28:34.640 [main] INFO  api.test.UserTest2 - ********** User info is displayed **********
11:28:34.648 [main] INFO  api.test.UserTest2 - ********** Updating user **********
11:28:34.679 [main] INFO  api.test.UserTest2 - ********** Deleting user **********
11:28:36.150 [main] INFO  api.test.UserTest2 - ********** User is deleted **********
11:31:28.526 [main] INFO  api.test.UserTest2 - ********** Creating user **********
11:31:31.652 [main] INFO  api.test.UserTest2 - ********** User is Created **********
11:31:31.670 [main] INFO  api.test.UserTest2 - ********** Reading user info **********
11:31:32.875 [main] INFO  api.test.UserTest2 - ********** User info is displayed **********
11:31:32.881 [main] INFO  api.test.UserTest2 - ********** Updating user **********
11:31:32.889 [main] INFO  api.test.UserTest2 - ********** Deleting user **********
11:31:34.046 [main] INFO  api.test.UserTest2 - ********** User is deleted **********
11:32:28.706 [main] INFO  api.test.UserTest2 - ********** Creating user **********
11:32:32.117 [main] INFO  api.test.UserTest2 - ********** User is Created **********
11:32:32.145 [main] INFO  api.test.UserTest2 - ********** Reading user info **********
11:32:33.749 [main] INFO  api.test.UserTest2 - ********** User info is displayed **********
11:32:33.757 [main] INFO  api.test.UserTest2 - ********** Updating user **********
11:32:35.288 [main] INFO  api.test.UserTest2 - ********** User is updated **********
11:32:36.823 [main] INFO  api.test.UserTest2 - ********** Deleting user **********
11:32:38.369 [main] INFO  api.test.UserTest2 - ********** User is deleted **********
12:04:08.976 [main] INFO  api.test.UserTest2 - ********** Creating user **********
12:04:11.565 [main] INFO  api.test.UserTest2 - ********** User is Created **********
12:04:11.576 [main] INFO  api.test.UserTest2 - ********** Reading user info **********
12:04:12.739 [main] INFO  api.test.UserTest2 - ********** User info is displayed **********
12:04:12.741 [main] INFO  api.test.UserTest2 - ********** Updating user **********
12:04:13.845 [main] INFO  api.test.UserTest2 - ********** User is updated **********
12:04:15.005 [main] INFO  api.test.UserTest2 - ********** Deleting user **********
12:04:16.168 [main] INFO  api.test.UserTest2 - ********** User is deleted **********
11:21:47.304 [main] INFO  api.test.UserTest2 - ********** Creating user **********
11:21:51.094 [main] INFO  api.test.UserTest2 - ********** User is Created **********
11:21:51.110 [main] INFO  api.test.UserTest2 - ********** Reading user info **********
11:21:52.534 [main] INFO  api.test.UserTest2 - ********** User info is displayed **********
11:21:52.537 [main] INFO  api.test.UserTest2 - ********** Updating user **********
11:21:53.789 [main] INFO  api.test.UserTest2 - ********** User is updated **********
11:21:55.603 [main] INFO  api.test.UserTest2 - ********** Deleting user **********
11:21:57.063 [main] INFO  api.test.UserTest2 - ********** User is deleted **********
11:24:43.076 [main] INFO  api.test.UserTest2 - ********** Creating user **********
11:24:46.812 [main] INFO  api.test.UserTest2 - ********** User is Created **********
11:24:46.828 [main] INFO  api.test.UserTest2 - ********** Reading user info **********
11:24:48.566 [main] INFO  api.test.UserTest2 - ********** User info is displayed **********
11:24:48.569 [main] INFO  api.test.UserTest2 - ********** Updating user **********
11:24:50.202 [main] INFO  api.test.UserTest2 - ********** User is updated **********
11:24:52.047 [main] INFO  api.test.UserTest2 - ********** Deleting user **********
11:24:53.591 [main] INFO  api.test.UserTest2 - ********** User is deleted **********
11:56:44.425 [main] INFO  api.test.UserTest2 - ********** Creating user **********
11:56:48.179 [main] INFO  api.test.UserTest2 - ********** User is Created **********
11:56:48.199 [main] INFO  api.test.UserTest2 - ********** Reading user info **********
11:56:50.857 [main] INFO  api.test.UserTest2 - ********** User info is displayed **********
11:56:50.860 [main] INFO  api.test.UserTest2 - ********** Updating user **********
11:56:52.385 [main] INFO  api.test.UserTest2 - ********** User is updated **********
11:56:53.839 [main] INFO  api.test.UserTest2 - ********** Deleting user **********
11:56:55.770 [main] INFO  api.test.UserTest2 - ********** User is deleted **********
09:57:47.238 [main] INFO  api.test.UserTest2 - ********** Creating user **********
09:57:50.822 [main] INFO  api.test.UserTest2 - ********** User is Created **********
09:57:50.843 [main] INFO  api.test.UserTest2 - ********** Reading user info **********
09:57:53.398 [main] INFO  api.test.UserTest2 - ********** User info is displayed **********
09:57:53.400 [main] INFO  api.test.UserTest2 - ********** Updating user **********
09:57:54.937 [main] INFO  api.test.UserTest2 - ********** User is updated **********
09:57:56.778 [main] INFO  api.test.UserTest2 - ********** Deleting user **********
09:57:58.238 [main] INFO  api.test.UserTest2 - ********** User is deleted **********
12:45:40.844 [main] INFO  api.test.UserTest2 - ********** Creating user **********
12:45:44.292 [main] INFO  api.test.UserTest2 - ********** User is Created **********
12:45:44.308 [main] INFO  api.test.UserTest2 - ********** Reading user info **********
12:45:45.938 [main] INFO  api.test.UserTest2 - ********** User info is displayed **********
12:45:45.940 [main] INFO  api.test.UserTest2 - ********** Updating user **********
12:45:47.477 [main] INFO  api.test.UserTest2 - ********** User is updated **********
12:45:48.870 [main] INFO  api.test.UserTest2 - ********** Deleting user **********
12:45:50.062 [main] INFO  api.test.UserTest2 - ********** User is deleted **********
09:13:15.997 [main] INFO  api.test.UserTest2 - ********** Creating user **********
09:13:19.393 [main] INFO  api.test.UserTest2 - ********** User is Created **********
09:13:19.411 [main] INFO  api.test.UserTest2 - ********** Reading user info **********
09:13:20.602 [main] INFO  api.test.UserTest2 - ********** User info is displayed **********
09:13:20.605 [main] INFO  api.test.UserTest2 - ********** Updating user **********
09:13:21.953 [main] INFO  api.test.UserTest2 - ********** User is updated **********
09:13:23.408 [main] INFO  api.test.UserTest2 - ********** Deleting user **********
09:13:24.941 [main] INFO  api.test.UserTest2 - ********** User is deleted **********
09:20:45.627 [main] INFO  api.test.UserTest2 - ********** Creating user **********
09:20:49.045 [main] INFO  api.test.UserTest2 - ********** User is Created **********
09:20:49.052 [main] INFO  api.test.UserTest2 - ********** Reading user info **********
09:20:50.331 [main] INFO  api.test.UserTest2 - ********** User info is displayed **********
09:20:50.339 [main] INFO  api.test.UserTest2 - ********** Updating user **********
09:20:51.538 [main] INFO  api.test.UserTest2 - ********** User is updated **********
09:20:52.969 [main] INFO  api.test.UserTest2 - ********** Deleting user **********
09:20:54.136 [main] INFO  api.test.UserTest2 - ********** User is deleted **********
10:12:44.792 [main] INFO  api.test.UserTest - ********** Creating user **********
10:12:48.443 [main] INFO  api.test.UserTest - ********** User is Created **********
10:12:48.452 [main] INFO  api.test.UserTest - ********** Reading user info **********
10:12:49.890 [main] INFO  api.test.UserTest - ********** User info is displayed **********
10:12:49.895 [main] INFO  api.test.UserTest - ********** Updating user **********
10:12:52.469 [main] INFO  api.test.UserTest - ********** User is updated **********
10:12:54.101 [main] INFO  api.test.UserTest - ********** Deleting user **********
10:12:55.519 [main] INFO  api.test.UserTest - ********** User is deleted **********
11:13:46.504 [main] INFO  api.test.UserTest2 - ********** Creating user **********
11:13:49.759 [main] INFO  api.test.UserTest2 - ********** User is Created **********
11:13:49.778 [main] INFO  api.test.UserTest2 - ********** Reading user info **********
11:13:51.061 [main] INFO  api.test.UserTest2 - ********** User info is displayed **********
11:13:51.065 [main] INFO  api.test.UserTest2 - ********** Updating user **********
11:13:52.206 [main] INFO  api.test.UserTest2 - ********** User is updated **********
11:13:53.655 [main] INFO  api.test.UserTest2 - ********** Deleting user **********
11:13:55.013 [main] INFO  api.test.UserTest2 - ********** User is deleted **********
11:14:38.213 [main] INFO  api.test.UserTest2 - ********** Creating user **********
11:14:41.624 [main] INFO  api.test.UserTest2 - ********** User is Created **********
11:14:41.648 [main] INFO  api.test.UserTest2 - ********** Reading user info **********
11:14:43.015 [main] INFO  api.test.UserTest2 - ********** User info is displayed **********
11:14:43.019 [main] INFO  api.test.UserTest2 - ********** Updating user **********
11:14:44.449 [main] INFO  api.test.UserTest2 - ********** User is updated **********
11:14:45.983 [main] INFO  api.test.UserTest2 - ********** Deleting user **********
11:14:47.853 [main] INFO  api.test.UserTest2 - ********** User is deleted **********
13:57:14.160 [main] INFO  api.test.UserTest2 - ********** Creating user **********
13:57:22.195 [main] INFO  api.test.UserTest2 - ********** User is Created **********
13:57:22.211 [main] INFO  api.test.UserTest2 - ********** Reading user info **********
13:57:23.740 [main] INFO  api.test.UserTest2 - ********** User info is displayed **********
13:57:23.742 [main] INFO  api.test.UserTest2 - ********** Updating user **********
13:57:25.228 [main] INFO  api.test.UserTest2 - ********** User is updated **********
13:57:26.810 [main] INFO  api.test.UserTest2 - ********** Deleting user **********
13:57:28.344 [main] INFO  api.test.UserTest2 - ********** User is deleted **********
14:50:32.902 [main] INFO  api.test.UserTest2 - ********** Creating user **********
14:50:37.371 [main] INFO  api.test.UserTest2 - ********** User is Created **********
14:50:37.387 [main] INFO  api.test.UserTest2 - ********** Reading user info **********
14:50:39.030 [main] INFO  api.test.UserTest2 - ********** User info is displayed **********
14:50:39.032 [main] INFO  api.test.UserTest2 - ********** Updating user **********
14:50:40.566 [main] INFO  api.test.UserTest2 - ********** User is updated **********
14:50:41.998 [main] INFO  api.test.UserTest2 - ********** Deleting user **********
14:50:45.685 [main] INFO  api.test.UserTest2 - ********** User is deleted **********
15:10:31.288 [main] INFO  api.test.UserTest - ********** Creating user **********
15:10:38.496 [main] INFO  api.test.UserTest - ********** User is Created **********
15:10:38.527 [main] INFO  api.test.UserTest - ********** Reading user info **********
15:10:40.115 [main] INFO  api.test.UserTest - ********** User info is displayed **********
15:10:40.132 [main] INFO  api.test.UserTest - ********** Updating user **********
15:10:41.648 [main] INFO  api.test.UserTest - ********** User is updated **********
15:10:43.193 [main] INFO  api.test.UserTest - ********** Deleting user **********
15:10:44.512 [main] INFO  api.test.UserTest - ********** User is deleted **********
11:02:16.182 [main] INFO  api.test.UserTest2 - ********** Creating user **********
11:02:21.362 [main] INFO  api.test.UserTest2 - ********** User is Created **********
11:02:21.387 [main] INFO  api.test.UserTest2 - ********** Reading user info **********
11:02:22.809 [main] INFO  api.test.UserTest2 - ********** User info is displayed **********
11:02:22.818 [main] INFO  api.test.UserTest2 - ********** Updating user **********
11:02:24.246 [main] INFO  api.test.UserTest2 - ********** User is updated **********
11:02:25.708 [main] INFO  api.test.UserTest2 - ********** Deleting user **********
11:02:27.131 [main] INFO  api.test.UserTest2 - ********** User is deleted **********
17:51:39.101 [main] INFO  api.test.UserTest2 - ********** Creating user **********
17:51:43.525 [main] INFO  api.test.UserTest2 - ********** User is Created **********
17:51:43.541 [main] INFO  api.test.UserTest2 - ********** Reading user info **********
17:51:45.176 [main] INFO  api.test.UserTest2 - ********** User info is displayed **********
17:51:45.180 [main] INFO  api.test.UserTest2 - ********** Updating user **********
17:51:46.606 [main] INFO  api.test.UserTest2 - ********** User is updated **********
17:51:48.142 [main] INFO  api.test.UserTest2 - ********** Deleting user **********
17:51:49.610 [main] INFO  api.test.UserTest2 - ********** User is deleted **********
12:32:31.708 [main] INFO  api.test.UserTest - ********** Creating user **********
12:32:35.197 [main] INFO  api.test.UserTest - ********** User is Created **********
12:32:35.205 [main] INFO  api.test.UserTest - ********** Reading user info **********
12:32:36.695 [main] INFO  api.test.UserTest - ********** User info is displayed **********
12:32:36.701 [main] INFO  api.test.UserTest - ********** Updating user **********
12:32:38.396 [main] INFO  api.test.UserTest - ********** User is updated **********
12:32:39.969 [main] INFO  api.test.UserTest - ********** Deleting user **********
12:32:41.400 [main] INFO  api.test.UserTest - ********** User is deleted **********
17:08:01.816 [main] INFO  api.test.UserTest2 - ********** Creating user **********
17:08:04.490 [main] INFO  api.test.UserTest2 - ********** User is Created **********
17:08:04.496 [main] INFO  api.test.UserTest2 - ********** Reading user info **********
17:08:05.626 [main] INFO  api.test.UserTest2 - ********** User info is displayed **********
17:08:05.629 [main] INFO  api.test.UserTest2 - ********** Updating user **********
17:08:06.731 [main] INFO  api.test.UserTest2 - ********** User is updated **********
17:08:07.874 [main] INFO  api.test.UserTest2 - ********** Deleting user **********
17:08:08.967 [main] INFO  api.test.UserTest2 - ********** User is deleted **********
17:11:32.652 [main] INFO  api.test.UserTest2 - ************Creating user*************
17:11:35.319 [main] INFO  api.test.UserTest2 - *************8Usr is created*************
17:11:35.323 [main] INFO  api.test.UserTest2 - *************Reading user Info*************
17:11:36.450 [main] INFO  api.test.UserTest2 - *************Reading user Info*************
17:11:36.453 [main] INFO  api.test.UserTest2 - *************Updating user*************
17:11:38.711 [main] INFO  api.test.UserTest2 - *************User is updated*************
17:11:38.713 [main] INFO  api.test.UserTest2 - *************Deleting user*************
17:11:39.824 [main] INFO  api.test.UserTest2 - *************user is deleted*************
17:14:23.963 [main] INFO  api.test.UserTest2 - ************Creating user*************
17:14:25.348 [main] INFO  api.test.UserTest2 - *************Reading user Info*************
17:14:25.389 [main] INFO  api.test.UserTest2 - *************Updating user*************
17:14:25.392 [main] INFO  api.test.UserTest2 - *************Deleting user*************
17:17:07.416 [main] INFO  api.test.UserTest2 - ************Creating user*************
17:17:08.643 [main] INFO  api.test.UserTest2 - *************Reading user Info*************
17:17:08.684 [main] INFO  api.test.UserTest2 - *************Updating user*************
17:17:08.708 [main] INFO  api.test.UserTest2 - *************Deleting user*************
17:19:02.887 [main] INFO  api.test.UserTest2 - ************Creating user*************
17:19:04.161 [main] INFO  api.test.UserTest2 - *************Reading user Info*************
17:19:04.200 [main] INFO  api.test.UserTest2 - *************Updating user*************
17:19:04.204 [main] INFO  api.test.UserTest2 - *************Deleting user*************
17:21:32.324 [main] INFO  api.test.UserTest2 - ************Creating user*************
17:21:33.594 [main] INFO  api.test.UserTest2 - *************Reading user Info*************
17:21:33.633 [main] INFO  api.test.UserTest2 - *************Updating user*************
17:21:33.637 [main] INFO  api.test.UserTest2 - *************Deleting user*************
17:22:51.417 [main] INFO  api.test.UserTest2 - ************Creating user*************
17:22:52.654 [main] INFO  api.test.UserTest2 - *************Reading user Info*************
17:22:52.693 [main] INFO  api.test.UserTest2 - *************Updating user*************
17:22:52.716 [main] INFO  api.test.UserTest2 - *************Deleting user*************
17:24:02.634 [main] INFO  api.test.UserTest2 - ************Creating user*************
17:24:05.133 [main] INFO  api.test.UserTest2 - *************8Usr is created*************
17:24:05.136 [main] INFO  api.test.UserTest2 - *************Reading user Info*************
17:24:06.250 [main] INFO  api.test.UserTest2 - *************Reading user Info*************
17:24:06.253 [main] INFO  api.test.UserTest2 - *************Updating user*************
17:24:08.841 [main] INFO  api.test.UserTest2 - *************User is updated*************
17:24:08.844 [main] INFO  api.test.UserTest2 - *************Deleting user*************
17:24:10.117 [main] INFO  api.test.UserTest2 - *************user is deleted*************
17:28:05.667 [main] INFO  api.test.UserTest2 - ************Creating user*************
17:28:08.167 [main] INFO  api.test.UserTest2 - *************8Usr is created*************
17:28:08.171 [main] INFO  api.test.UserTest2 - *************Reading user Info*************
17:28:09.368 [main] INFO  api.test.UserTest2 - *************Reading user Info*************
17:28:09.371 [main] INFO  api.test.UserTest2 - *************Updating user*************
17:28:11.611 [main] INFO  api.test.UserTest2 - *************User is updated*************
17:28:11.612 [main] INFO  api.test.UserTest2 - *************Deleting user*************
17:28:12.736 [main] INFO  api.test.UserTest2 - *************user is deleted*************
17:29:25.911 [main] INFO  api.test.UserTest2 - ************Creating user*************
17:29:28.534 [main] INFO  api.test.UserTest2 - *************8Usr is created*************
17:29:28.538 [main] INFO  api.test.UserTest2 - *************Reading user Info*************
17:29:29.753 [main] INFO  api.test.UserTest2 - *************Reading user Info*************
17:29:29.755 [main] INFO  api.test.UserTest2 - *************Updating user*************
17:29:32.131 [main] INFO  api.test.UserTest2 - *************User is updated*************
17:29:32.132 [main] INFO  api.test.UserTest2 - *************Deleting user*************
17:29:33.452 [main] INFO  api.test.UserTest2 - *************user is deleted*************
17:40:15.059 [main] INFO  api.test.UserTest2 - ********** Creating user **********
17:40:17.508 [main] INFO  api.test.UserTest2 - ********** User is Created **********
17:40:17.512 [main] INFO  api.test.UserTest2 - ********** Reading user info **********
17:40:18.674 [main] INFO  api.test.UserTest2 - ********** User info is displayed **********
17:40:18.676 [main] INFO  api.test.UserTest2 - ********** Updating user **********
17:40:19.802 [main] INFO  api.test.UserTest2 - ********** User is updated **********
17:40:20.954 [main] INFO  api.test.UserTest2 - ********** Deleting user **********
17:40:22.150 [main] INFO  api.test.UserTest2 - ********** User is deleted **********
13:12:24.989 [main] INFO  api.test.UserTest2 - ********** Creating user **********
13:12:28.688 [main] INFO  api.test.UserTest2 - ********** User is Created **********
13:12:28.699 [main] INFO  api.test.UserTest2 - ********** Reading user info **********
13:12:30.352 [main] INFO  api.test.UserTest2 - ********** User info is displayed **********
13:12:30.362 [main] INFO  api.test.UserTest2 - ********** Updating user **********
13:12:31.681 [main] INFO  api.test.UserTest2 - ********** User is updated **********
13:12:33.220 [main] INFO  api.test.UserTest2 - ********** Deleting user **********
13:12:34.751 [main] INFO  api.test.UserTest2 - ********** User is deleted **********
17:33:16.387 [main] INFO  api.test.UserTest2 - ********** Creating user **********
17:33:19.101 [main] INFO  api.test.UserTest2 - ********** User is Created **********
17:33:19.105 [main] INFO  api.test.UserTest2 - ********** Reading user info **********
17:33:20.275 [main] INFO  api.test.UserTest2 - ********** User info is displayed **********
17:33:20.278 [main] INFO  api.test.UserTest2 - ********** Updating user **********
17:33:21.456 [main] INFO  api.test.UserTest2 - ********** User is updated **********
17:33:22.601 [main] INFO  api.test.UserTest2 - ********** Deleting user **********
17:33:23.791 [main] INFO  api.test.UserTest2 - ********** User is deleted **********
10:15:02.772 [main] INFO  api.test.UserTest2 - ********** Creating user **********
10:15:06.767 [main] INFO  api.test.UserTest2 - ********** User is Created **********
10:15:06.776 [main] INFO  api.test.UserTest2 - ********** Reading user info **********
10:15:08.278 [main] INFO  api.test.UserTest2 - ********** User info is displayed **********
10:15:08.284 [main] INFO  api.test.UserTest2 - ********** Updating user **********
10:15:09.760 [main] INFO  api.test.UserTest2 - ********** User is updated **********
10:15:11.674 [main] INFO  api.test.UserTest2 - ********** Deleting user **********
10:15:12.986 [main] INFO  api.test.UserTest2 - ********** User is deleted **********
13:07:02.034 [main] INFO  api.test.UserTest2 - ********** Creating user **********
13:07:06.587 [main] INFO  api.test.UserTest2 - ********** User is Created **********
13:07:06.599 [main] INFO  api.test.UserTest2 - ********** Reading user info **********
13:07:08.953 [main] INFO  api.test.UserTest2 - ********** User info is displayed **********
13:07:08.959 [main] INFO  api.test.UserTest2 - ********** Updating user **********
13:07:10.791 [main] INFO  api.test.UserTest2 - ********** User is updated **********
13:07:13.040 [main] INFO  api.test.UserTest2 - ********** Deleting user **********
13:07:17.542 [main] INFO  api.test.UserTest2 - ********** User is deleted **********
15:49:06.462 [main] INFO  api.test.UserTest2 - ********** Creating user **********
15:49:10.369 [main] INFO  api.test.UserTest2 - ********** User is Created **********
15:49:10.378 [main] INFO  api.test.UserTest2 - ********** Reading user info **********
15:49:11.922 [main] INFO  api.test.UserTest2 - ********** User info is displayed **********
15:49:11.929 [main] INFO  api.test.UserTest2 - ********** Updating user **********
15:49:13.513 [main] INFO  api.test.UserTest2 - ********** User is updated **********
15:49:14.810 [main] INFO  api.test.UserTest2 - ********** Deleting user **********
15:49:15.960 [main] INFO  api.test.UserTest2 - ********** User is deleted **********
